#
# A fatal error has been detected by the Java Runtime Environment:
#
#  EXCEPTION_ACCESS_VIOLATION (0xc0000005) at pc=0x64a7a3be, pid=11500, tid=8600
#
# JRE version: Java(TM) SE Runtime Environment (8.0_11-b12) (build 1.8.0_11-b12)
# Java VM: Java HotSpot(TM) Client VM (25.11-b03 mixed mode windows-x86 )
# Problematic frame:
# C  [Spotlight.dll+0xa3be]
#
# Failed to write core dump. Minidumps are not enabled by default on client versions of Windows
#
# If you would like to submit a bug report, please visit:
#   http://bugreport.sun.com/bugreport/crash.jsp
# The crash happened outside the Java Virtual Machine in native code.
# See problematic frame for where to report the bug.
#

---------------  T H R E A D  ---------------

Current thread (0x0042cc00):  JavaThread "main" [_thread_in_native, id=8600, stack(0x00430000,0x00480000)]

siginfo: ExceptionCode=0xc0000005, reading address 0x00000014

Registers:
EAX=0x00000004, EBX=0x00000000, ECX=0x00000004, EDX=0x00000000
ESP=0x0047eeb8, EBP=0x0047eec4, ESI=0x0047ef18, EDI=0x00000001
EIP=0x64a7a3be, EFLAGS=0x00010202

Top of Stack: (sp=0x0047eeb8)
0x0047eeb8:   00000001 0047ef14 00fee498 0047eef4
0x0047eec8:   64aa5b6f 00000004 00000000 ffffffff
0x0047eed8:   8daf02c6 0042cc00 00fee498 00000000
0x0047eee8:   0047f318 64abd178 00000000 0047ef38
0x0047eef8:   64aa5a0a 0047ef14 0042cc00 00fee498
0x0047ef08:   571c5320 00000000 00000006 64ac7a74
0x0047ef18:   0042cc00 00fee498 00fee498 00fee498
0x0047ef28:   00000000 0000000f 0269bd00 8daf033a 

Instructions: (pc=0x64a7a3be)
0x64a7a39e:   00 00 00 8b c6 c3 cc cc cc cc cc cc cc cc cc cc
0x64a7a3ae:   cc cc 55 8b ec 53 8b 5d 0c 56 8b f1 8b 4d 08 57
0x64a7a3be:   8b 79 10 3b fb 73 0a 68 d4 59 ac 64 e8 71 d3 02
0x64a7a3ce:   00 8b 45 10 2b fb 3b c7 73 02 8b f8 3b f1 75 1f 


Register to memory mapping:

EAX=0x00000004 is an unknown value
EBX=0x00000000 is an unknown value
ECX=0x00000004 is an unknown value
EDX=0x00000000 is an unknown value
ESP=0x0047eeb8 is pointing into the stack for thread: 0x0042cc00
EBP=0x0047eec4 is pointing into the stack for thread: 0x0042cc00
ESI=0x0047ef18 is pointing into the stack for thread: 0x0042cc00
EDI=0x00000001 is an unknown value


Stack: [0x00430000,0x00480000],  sp=0x0047eeb8,  free space=315k
Native frames: (J=compiled Java code, j=interpreted, Vv=VM code, C=native code)
C  [Spotlight.dll+0xa3be]
C  [Spotlight.dll+0x35b6f]
C  [Spotlight.dll+0x35a0a]
j  de.upb.agw.jni.EnumeratorOfExpression.__m6(J)J+0
j  de.upb.agw.jni.EnumeratorOfExpression.getNext()Lde/upb/agw/jni/Expression;+10
j  de.upb.agw.modelchecking.CFGCompiler.createLocationFunction(III)Ledu/toronto/cs/mvset/MvSet;+101
j  de.upb.agw.modelchecking.CFGCompiler.convertToMvSet(Lde/upb/agw/jni/Transition;I)Ledu/toronto/cs/mvset/MvSet;+30
j  de.upb.agw.modelchecking.CFGCompiler.convertToMvSet(Lde/upb/agw/jni/CFGraph;)Ledu/toronto/cs/mvset/MvSet;+104
j  de.upb.agw.modelchecking.CFGCompiler.convertToMvSet(Lde/upb/agw/jni/EnumeratorOfCFGraph;)Ledu/toronto/cs/mvset/MvSet;+38
j  de.upb.agw.modelchecking.CFGCompiler.computeTransitionRelation()Ledu/toronto/cs/mvset/MvRelation;+9
j  de.upb.agw.modelchecking.CFGCompiler.compile()Ledu/toronto/cs/modelchecker/XKripkeStructure;+5
j  de.upb.agw.main.Starter.alterAbstraction(Ljava/util/Vector;Ljava/util/Vector;)V+188
j  de.upb.agw.main.Starter.computeInitSpotlight()V+93
j  de.upb.agw.main.Starter.run()V+0
j  de.upb.agw.main.Starter.main([Ljava/lang/String;)V+100
v  ~StubRoutines::call_stub
V  [jvm.dll+0x142295]
V  [jvm.dll+0x2073ae]
V  [jvm.dll+0x14232e]
V  [jvm.dll+0x14e79a]
V  [jvm.dll+0x14e9f3]
V  [jvm.dll+0xf2bb3]
C  [java.dll+0x3a6e]
j  sun.reflect.NativeMethodAccessorImpl.invoke(Ljava/lang/Object;[Ljava/lang/Object;)Ljava/lang/Object;+100
j  sun.reflect.DelegatingMethodAccessorImpl.invoke(Ljava/lang/Object;[Ljava/lang/Object;)Ljava/lang/Object;+6
j  java.lang.reflect.Method.invoke(Ljava/lang/Object;[Ljava/lang/Object;)Ljava/lang/Object;+56
j  com.intellij.rt.execution.application.AppMain.main([Ljava/lang/String;)V+180
v  ~StubRoutines::call_stub
V  [jvm.dll+0x142295]
V  [jvm.dll+0x2073ae]
V  [jvm.dll+0x14232e]
V  [jvm.dll+0xce7c7]
V  [jvm.dll+0xd6d6f]
C  [java.exe+0x20cb]
C  [java.exe+0xab81]
C  [java.exe+0xac0b]
C  [kernel32.dll+0x1336a]
C  [ntdll.dll+0x39882]
C  [ntdll.dll+0x39855]

Java frames: (J=compiled Java code, j=interpreted, Vv=VM code)
j  de.upb.agw.jni.EnumeratorOfExpression.__m6(J)J+0
j  de.upb.agw.jni.EnumeratorOfExpression.getNext()Lde/upb/agw/jni/Expression;+10
j  de.upb.agw.modelchecking.CFGCompiler.createLocationFunction(III)Ledu/toronto/cs/mvset/MvSet;+101
j  de.upb.agw.modelchecking.CFGCompiler.convertToMvSet(Lde/upb/agw/jni/Transition;I)Ledu/toronto/cs/mvset/MvSet;+30
j  de.upb.agw.modelchecking.CFGCompiler.convertToMvSet(Lde/upb/agw/jni/CFGraph;)Ledu/toronto/cs/mvset/MvSet;+104
j  de.upb.agw.modelchecking.CFGCompiler.convertToMvSet(Lde/upb/agw/jni/EnumeratorOfCFGraph;)Ledu/toronto/cs/mvset/MvSet;+38
j  de.upb.agw.modelchecking.CFGCompiler.computeTransitionRelation()Ledu/toronto/cs/mvset/MvRelation;+9
j  de.upb.agw.modelchecking.CFGCompiler.compile()Ledu/toronto/cs/modelchecker/XKripkeStructure;+5
j  de.upb.agw.main.Starter.alterAbstraction(Ljava/util/Vector;Ljava/util/Vector;)V+188
j  de.upb.agw.main.Starter.computeInitSpotlight()V+93
j  de.upb.agw.main.Starter.run()V+0
j  de.upb.agw.main.Starter.main([Ljava/lang/String;)V+100
v  ~StubRoutines::call_stub
j  sun.reflect.NativeMethodAccessorImpl.invoke0(Ljava/lang/reflect/Method;Ljava/lang/Object;[Ljava/lang/Object;)Ljava/lang/Object;+0
j  sun.reflect.NativeMethodAccessorImpl.invoke(Ljava/lang/Object;[Ljava/lang/Object;)Ljava/lang/Object;+100
j  sun.reflect.DelegatingMethodAccessorImpl.invoke(Ljava/lang/Object;[Ljava/lang/Object;)Ljava/lang/Object;+6
j  java.lang.reflect.Method.invoke(Ljava/lang/Object;[Ljava/lang/Object;)Ljava/lang/Object;+56
j  com.intellij.rt.execution.application.AppMain.main([Ljava/lang/String;)V+180
v  ~StubRoutines::call_stub

---------------  P R O C E S S  ---------------

Java Threads: ( => current thread )
  0x14b05400 JavaThread "Monitor Ctrl-Break" daemon [_thread_in_native, id=836, stack(0x14de0000,0x14e30000)]
  0x14a59000 JavaThread "Service Thread" daemon [_thread_blocked, id=7300, stack(0x14c50000,0x14ca0000)]
  0x14a4a000 JavaThread "C1 CompilerThread0" daemon [_thread_blocked, id=11484, stack(0x14920000,0x14970000)]
  0x008ffc00 JavaThread "Attach Listener" daemon [_thread_blocked, id=6720, stack(0x14e40000,0x14e90000)]
  0x008fec00 JavaThread "Signal Dispatcher" daemon [_thread_blocked, id=9156, stack(0x14d90000,0x14de0000)]
  0x008f0000 JavaThread "Finalizer" daemon [_thread_blocked, id=8760, stack(0x14cf0000,0x14d40000)]
  0x008e9800 JavaThread "Reference Handler" daemon [_thread_blocked, id=6700, stack(0x14850000,0x148a0000)]
=>0x0042cc00 JavaThread "main" [_thread_in_native, id=8600, stack(0x00430000,0x00480000)]

Other Threads:
  0x008e5400 VMThread [stack: 0x047b0000,0x04800000] [id=4172]
  0x14a62400 WatcherThread [stack: 0x14800000,0x14850000] [id=10360]

VM state:not at safepoint (normal execution)

VM Mutex/Monitor currently owned by a thread: None

Heap:
 def new generation   total 4928K, used 2663K [0x04800000, 0x04d50000, 0x09d50000)
  eden space 4416K,  60% used [0x04800000, 0x04a99e98, 0x04c50000)
  from space 512K,   0% used [0x04c50000, 0x04c50000, 0x04cd0000)
  to   space 512K,   0% used [0x04cd0000, 0x04cd0000, 0x04d50000)
 tenured generation   total 10944K, used 0K [0x09d50000, 0x0a800000, 0x14800000)
   the space 10944K,   0% used [0x09d50000, 0x09d50000, 0x09d50200, 0x0a800000)
 Metaspace       used 3357K, capacity 3408K, committed 3520K, reserved 4480K

Card table byte_map: [0x00cc0000,0x00d50000] byte_map_base: 0x00c9c000

Polling page: 0x00180000

CodeCache: size=32768Kb used=793Kb max_used=793Kb free=31974Kb
 bounds [0x02690000, 0x02758000, 0x04690000]
 total_blobs=198 nmethods=57 adapters=73
 compilation: enabled

Compilation events (10 events):
Event: 3.688 Thread 0x14a4a000   53             java.lang.AbstractStringBuilder::append (50 bytes)
Event: 3.689 Thread 0x14a4a000 nmethod 53 0x02753248 code [0x02753360, 0x027534a4]
Event: 3.689 Thread 0x14a4a000   54             java.util.ArrayList::size (5 bytes)
Event: 3.689 Thread 0x14a4a000 nmethod 54 0x02753608 code [0x02753700, 0x02753780]
Event: 3.702 Thread 0x14a4a000   55             java.lang.String::indexOf (7 bytes)
Event: 3.702 Thread 0x14a4a000 nmethod 55 0x027537c8 code [0x027538c0, 0x0275395c]
Event: 3.704 Thread 0x14a4a000   56             java.util.HashMap::getNode (148 bytes)
Event: 3.705 Thread 0x14a4a000 nmethod 56 0x027539c8 code [0x02753b00, 0x02753d34]
Event: 3.709 Thread 0x14a4a000   57  s!         sun.misc.URLClassPath::getLoader (154 bytes)
Event: 3.711 Thread 0x14a4a000 nmethod 57 0x027540c8 code [0x02754310, 0x027553e0]

GC Heap History (0 events):
No events

Deoptimization events (0 events):
No events

Internal exceptions (10 events):
Event: 3.707 Thread 0x0042cc00 Exception <a 'java/security/PrivilegedActionException'> (0x04a71b18) thrown at [D:\re\puppet\workspace\8-2-build-windows-i586-cygwin\jdk8u11\648\hotspot\src\share\vm\prims\jvm.cpp, line 1248]
Event: 3.707 Thread 0x0042cc00 Exception <a 'java/security/PrivilegedActionException'> (0x04a73370) thrown at [D:\re\puppet\workspace\8-2-build-windows-i586-cygwin\jdk8u11\648\hotspot\src\share\vm\prims\jvm.cpp, line 1248]
Event: 3.708 Thread 0x0042cc00 Exception <a 'java/security/PrivilegedActionException'> (0x04a768b8) thrown at [D:\re\puppet\workspace\8-2-build-windows-i586-cygwin\jdk8u11\648\hotspot\src\share\vm\prims\jvm.cpp, line 1248]
Event: 3.709 Thread 0x0042cc00 Exception <a 'java/security/PrivilegedActionException'> (0x04a7aed0) thrown at [D:\re\puppet\workspace\8-2-build-windows-i586-cygwin\jdk8u11\648\hotspot\src\share\vm\prims\jvm.cpp, line 1248]
Event: 3.709 Thread 0x0042cc00 Exception <a 'java/security/PrivilegedActionException'> (0x04a7cb60) thrown at [D:\re\puppet\workspace\8-2-build-windows-i586-cygwin\jdk8u11\648\hotspot\src\share\vm\prims\jvm.cpp, line 1248]
Event: 3.710 Thread 0x0042cc00 Exception <a 'java/security/PrivilegedActionException'> (0x04a7e780) thrown at [D:\re\puppet\workspace\8-2-build-windows-i586-cygwin\jdk8u11\648\hotspot\src\share\vm\prims\jvm.cpp, line 1248]
Event: 3.711 Thread 0x0042cc00 Exception <a 'java/security/PrivilegedActionException'> (0x04a804f0) thrown at [D:\re\puppet\workspace\8-2-build-windows-i586-cygwin\jdk8u11\648\hotspot\src\share\vm\prims\jvm.cpp, line 1248]
Event: 3.712 Thread 0x0042cc00 Exception <a 'java/security/PrivilegedActionException'> (0x04a82440) thrown at [D:\re\puppet\workspace\8-2-build-windows-i586-cygwin\jdk8u11\648\hotspot\src\share\vm\prims\jvm.cpp, line 1248]
Event: 3.712 Thread 0x0042cc00 Exception <a 'java/security/PrivilegedActionException'> (0x04a83ba8) thrown at [D:\re\puppet\workspace\8-2-build-windows-i586-cygwin\jdk8u11\648\hotspot\src\share\vm\prims\jvm.cpp, line 1248]
Event: 3.713 Thread 0x0042cc00 Exception <a 'java/security/PrivilegedActionException'> (0x04a85e60) thrown at [D:\re\puppet\workspace\8-2-build-windows-i586-cygwin\jdk8u11\648\hotspot\src\share\vm\prims\jvm.cpp, line 1248]

Events (10 events):
Event: 3.710 loading class de/upb/agw/jni/EnumeratorOfTransition
Event: 3.710 loading class de/upb/agw/jni/EnumeratorOfTransition done
Event: 3.711 loading class de/upb/agw/jni/Transition
Event: 3.711 loading class de/upb/agw/jni/Transition done
Event: 3.712 loading class edu/toronto/cs/util/IntIterator$RangeIterator
Event: 3.712 loading class edu/toronto/cs/util/IntIterator$RangeIterator done
Event: 3.712 loading class edu/toronto/cs/util/SoftSoftHashMap$SoftValue
Event: 3.712 loading class edu/toronto/cs/util/SoftSoftHashMap$SoftValue done
Event: 3.713 loading class edu/toronto/cs/util/SoftHashMap$SoftBucket$SoftEntry
Event: 3.713 loading class edu/toronto/cs/util/SoftHashMap$SoftBucket$SoftEntry done


Dynamic libraries:
0x01260000 - 0x01290000 	C:\Program Files (x86)\Java\jdk1.8.0_11\bin\java.exe
0x76ec0000 - 0x77040000 	C:\Windows\SysWOW64\ntdll.dll
0x769b0000 - 0x76ac0000 	C:\Windows\syswow64\kernel32.dll
0x759c0000 - 0x75a07000 	C:\Windows\syswow64\KERNELBASE.dll
0x756a0000 - 0x75740000 	C:\Windows\syswow64\ADVAPI32.dll
0x75a10000 - 0x75abc000 	C:\Windows\syswow64\msvcrt.dll
0x76380000 - 0x76399000 	C:\Windows\SysWOW64\sechost.dll
0x767f0000 - 0x768e0000 	C:\Windows\syswow64\RPCRT4.dll
0x74840000 - 0x748a0000 	C:\Windows\syswow64\SspiCli.dll
0x74830000 - 0x7483c000 	C:\Windows\syswow64\CRYPTBASE.dll
0x75e50000 - 0x75f50000 	C:\Windows\syswow64\USER32.dll
0x75dc0000 - 0x75e50000 	C:\Windows\syswow64\GDI32.dll
0x76950000 - 0x7695a000 	C:\Windows\syswow64\LPK.dll
0x75d20000 - 0x75dbd000 	C:\Windows\syswow64\USP10.dll
0x731e0000 - 0x7337e000 	C:\Windows\WinSxS\x86_microsoft.windows.common-controls_6595b64144ccf1df_6.0.7601.18837_none_41e855142bd5705d\COMCTL32.dll
0x76790000 - 0x767e7000 	C:\Windows\syswow64\SHLWAPI.dll
0x768e0000 - 0x76940000 	C:\Windows\system32\IMM32.DLL
0x765d0000 - 0x7669c000 	C:\Windows\syswow64\MSCTF.dll
0x64970000 - 0x64a2f000 	C:\Program Files (x86)\Java\jdk1.8.0_11\jre\bin\msvcr100.dll
0x57150000 - 0x574e7000 	C:\Program Files (x86)\Java\jdk1.8.0_11\jre\bin\client\jvm.dll
0x719c0000 - 0x719c7000 	C:\Windows\system32\WSOCK32.dll
0x75f60000 - 0x75f95000 	C:\Windows\syswow64\WS2_32.dll
0x748a0000 - 0x748a6000 	C:\Windows\syswow64\NSI.dll
0x6bf20000 - 0x6bf52000 	C:\Windows\system32\WINMM.dll
0x75740000 - 0x75745000 	C:\Windows\syswow64\PSAPI.DLL
0x68570000 - 0x6857c000 	C:\Program Files (x86)\Java\jdk1.8.0_11\jre\bin\verify.dll
0x68540000 - 0x68561000 	C:\Program Files (x86)\Java\jdk1.8.0_11\jre\bin\java.dll
0x67260000 - 0x67273000 	C:\Program Files (x86)\Java\jdk1.8.0_11\jre\bin\zip.dll
0x74a30000 - 0x7567b000 	C:\Windows\syswow64\SHELL32.dll
0x748b0000 - 0x74a0c000 	C:\Windows\syswow64\ole32.dll
0x76190000 - 0x7619b000 	C:\Windows\syswow64\profapi.dll
0x00400000 - 0x00407000 	C:\Program Files (x86)\JetBrains\IntelliJ IDEA 15.0.4\bin\breakgen.dll
0x668d0000 - 0x668e4000 	C:\Program Files (x86)\Java\jdk1.8.0_11\jre\bin\net.dll
0x703d0000 - 0x7040c000 	C:\Windows\system32\mswsock.dll
0x710c0000 - 0x710c6000 	C:\Windows\System32\wship6.dll
0x64a70000 - 0x64ae1000 	C:\Temp\trunk\java\Spotlight\Spotlight.dll
0x15120000 - 0x153d7000 	C:\Temp\trunk\java\Spotlight\Z3.dll
0x734e0000 - 0x73583000 	C:\Windows\WinSxS\x86_microsoft.vc90.crt_1fc8b3b9a1e18e3b_9.0.30729.6161_none_50934f2ebcb7eb57\MSVCR90.dll
0x6be40000 - 0x6bece000 	C:\Windows\WinSxS\x86_microsoft.vc90.crt_1fc8b3b9a1e18e3b_9.0.30729.6161_none_50934f2ebcb7eb57\MSVCP90.dll
0x70ef0000 - 0x70fdb000 	C:\Windows\system32\dbghelp.dll

VM Arguments:
jvm_args: -Didea.launcher.port=7532 -Didea.launcher.bin.path=C:\Program Files (x86)\JetBrains\IntelliJ IDEA 15.0.4\bin -Dfile.encoding=UTF-8 
java_command: com.intellij.rt.execution.application.AppMain de.upb.agw.main.Starter example3
java_class_path (initial): C:\Temp\trunk\java\Spotlight\bin;C:\Program Files (x86)\Java\jdk1.8.0_11\jre\lib\charsets.jar;C:\Program Files (x86)\Java\jdk1.8.0_11\jre\lib\deploy.jar;C:\Program Files (x86)\Java\jdk1.8.0_11\jre\lib\javaws.jar;C:\Program Files (x86)\Java\jdk1.8.0_11\jre\lib\jce.jar;C:\Program Files (x86)\Java\jdk1.8.0_11\jre\lib\jfr.jar;C:\Program Files (x86)\Java\jdk1.8.0_11\jre\lib\jfxswt.jar;C:\Program Files (x86)\Java\jdk1.8.0_11\jre\lib\jsse.jar;C:\Program Files (x86)\Java\jdk1.8.0_11\jre\lib\management-agent.jar;C:\Program Files (x86)\Java\jdk1.8.0_11\jre\lib\plugin.jar;C:\Program Files (x86)\Java\jdk1.8.0_11\jre\lib\resources.jar;C:\Program Files (x86)\Java\jdk1.8.0_11\jre\lib\rt.jar;C:\Program Files (x86)\Java\jdk1.8.0_11\jre\lib\ext\access-bridge-32.jar;C:\Program Files (x86)\Java\jdk1.8.0_11\jre\lib\ext\cldrdata.jar;C:\Program Files (x86)\Java\jdk1.8.0_11\jre\lib\ext\dnsns.jar;C:\Program Files (x86)\Java\jdk1.8.0_11\jre\lib\ext\jaccess.jar;C:\Program Files (x86)\Java\jdk1.8.0_11\jre\lib\ext\jfxrt.jar;C:\Program Files (x86)\Java\jdk1.8.0_11\jre\lib\ext\localedata.jar;C:\Program Files (x86)\Java\jdk1.8.0_11\jre\lib\ext\nashorn.jar;C:\Program Files (x86)\Java\jdk1.8.0_11\jre\lib\ext\sunec.jar;C:\Program Files (x86)\Java\jdk1.8.0_11\jre\lib\ext\sunjce_provider.jar;C:\Program Files (x86)\Java\jdk1.8.0_11\jre\lib\ext\sunmscapi.jar;C:\Program Files (x86)\Java\jdk1.8.0_11\jre\lib\ext\sunpkcs11.jar;C:\Program Files (x86)\Java\jdk1.8.0_11\jre\lib\ext\zipfs.jar;C:\Temp\trunk\java\Spotlight\antlr.jar;C:\Temp\trunk\java\Spotlight\grappa1_2.jar;C:\Temp\trunk\java\Spotlight\jlfgr-1_0.jar;C:\Temp\trunk\java\Spotlight\junit.jar;C:\Temp\trunk\java\Spotlight\kunststoff.jar;C:\Temp\trunk\java\Spotlight\lib\kotlin-runtime.jar;C:\Temp\trunk\java\Spotlight\lib\kotlin-reflect.jar;C:\Temp\trunk\java\Spotlight\org.sat4j.core.jar;C:\Program Files (x86)\JetBrains\IntelliJ IDEA 15.0.4\lib\idea_rt.jar
Launcher Type: SUN_STANDARD

Environment Variables:
CLASSPATH=.;C:\Program Files (x86)\Java\jre6\lib\ext\QTJava.zip
PATH=C:\Users\Matthias.Sentinel3\AppData\Roaming\cabal\bin;C:\Program Files (x86)\Elm Platform\0.16\bin;C:\Users\Matthias.Sentinel3\AppData\Roaming\npm;C:\Program Files (x86)\clisp-2.49;C:\Users\Matthias.Sentinel3\.lein\bin;C:\Users\Matthias.Sentinel3\AppData\Local\Code\bin
USERNAME=Matthias
OS=Windows_NT



---------------  S Y S T E M  ---------------

OS: Windows 7 , 64 bit Build 7601 Service Pack 1

CPU:total 8 (4 cores per cpu, 2 threads per core) family 6 model 42 stepping 7, cmov, cx8, fxsr, mmx, sse, sse2, sse3, ssse3, sse4.1, sse4.2, popcnt, avx, aes, clmul, ht, tsc, tscinvbit

Memory: 4k page, physical 8368304k(3221864k free), swap 16734768k(10092988k free)

vm_info: Java HotSpot(TM) Client VM (25.11-b03) for windows-x86 JRE (1.8.0_11-b12), built on Jun 16 2014 18:18:58 by "java_re" with MS VC++ 10.0 (VS2010)

time: Fri Apr 08 14:47:26 2016
elapsed time: 4 seconds

